<?xml version="1.0" encoding="UTF-8"?>
<!-- Generated by org.testng.reporters.JUnitReportReporter -->
<testsuite skipped="0" hostname="Mds-MacBook-Air.local" name="auto.AutoTest" tests="1" failures="0" timestamp="2022-10-31T21:56:44 EDT" time="39.028" errors="0">
  <testcase name="autoQuoteParameter" time="39.028" classname="auto.AutoTest"/>
  <system-out>
    <![CDATA[[[ChromeDriver: chrome on MAC (bf1bb951b2b88d991818753cc7210805)] -> xpath: //p[@class='txt' and text()='Auto ']] <--- has been clicked<br>
11368 : has been passed to ---> [[ChromeDriver: chrome on MAC (bf1bb951b2b88d991818753cc7210805)] -> xpath: //input[@id='zipCode_overlay']]<br>
[[ChromeDriver: chrome on MAC (bf1bb951b2b88d991818753cc7210805)] -> xpath: //input[@id='qsButton_overlay']] <--- has been clicked<br>
Andrew : has been passed to ---> [[ChromeDriver: chrome on MAC (bf1bb951b2b88d991818753cc7210805)] -> id: NameAndAddressEdit_embedded_questions_list_FirstName]<br>
Hall : has been passed to ---> [[ChromeDriver: chrome on MAC (bf1bb951b2b88d991818753cc7210805)] -> id: NameAndAddressEdit_embedded_questions_list_LastName]<br>
R : has been passed to ---> [[ChromeDriver: chrome on MAC (bf1bb951b2b88d991818753cc7210805)] -> id: NameAndAddressEdit_embedded_questions_list_MiddleInitial]<br>
05/11/1994 : has been passed to ---> [[ChromeDriver: chrome on MAC (bf1bb951b2b88d991818753cc7210805)] -> id: NameAndAddressEdit_embedded_questions_list_DateOfBirth]<br>
9610 57th ave : has been passed to ---> [[ChromeDriver: chrome on MAC (bf1bb951b2b88d991818753cc7210805)] -> id: NameAndAddressEdit_embedded_questions_list_MailingAddress]<br>
17F : has been passed to ---> [[ChromeDriver: chrome on MAC (bf1bb951b2b88d991818753cc7210805)] -> id: NameAndAddressEdit_embedded_questions_list_ApartmentUnit]<br>
Corona : has been passed to ---> [[ChromeDriver: chrome on MAC (bf1bb951b2b88d991818753cc7210805)] -> id: NameAndAddressEdit_embedded_questions_list_City]<br>
[[ChromeDriver: chrome on MAC (bf1bb951b2b88d991818753cc7210805)] -> xpath: //button[text()='Okay, start my quote.']] <--- has been clicked<br>]]>
  </system-out>
</testsuite> <!-- auto.AutoTest -->
