<?xml version="1.0" encoding="UTF-8"?>
<!-- Generated by org.testng.reporters.JUnitReportReporter -->
<testsuite skipped="0" hostname="Mds-MacBook-Air.local" name="auto.AutoTest" tests="1" failures="0" timestamp="2022-10-30T01:10:55 EDT" time="18.365" errors="0">
  <testcase name="autoQuote" time="18.365" classname="auto.AutoTest"/>
  <system-out>
    <![CDATA[[[ChromeDriver: chrome on MAC (c1b75688b61b98a9b03ff94b9197e58a)] -> xpath: //p[@class='txt' and text()='Auto ']] <--- has been clicked<br>
11368 : has been passed to ---> [[ChromeDriver: chrome on MAC (c1b75688b61b98a9b03ff94b9197e58a)] -> xpath: //input[@id='zipCode_overlay']]<br>
[[ChromeDriver: chrome on MAC (c1b75688b61b98a9b03ff94b9197e58a)] -> xpath: //input[@id='qsButton_overlay']] <--- has been clicked<br>]]>
  </system-out>
</testsuite> <!-- auto.AutoTest -->
